Using pre-set license
Built from '2021.3/staging' branch; Version is '2021.3.19f1 (c9714fde33b6) revision 13201743'; Using compiler version '192829333'; Build Type 'Release'
OS: 'Windows 11  (10.0.22621) 64bit Core' Language: 'en' Physical Memory: 16219 MB
BatchMode: 1, IsHumanControllingUs: 0, StartBugReporterOnCrash: 0, Is64bit: 1, IsPro: 1

COMMAND LINE ARGUMENTS:
C:\Program Files\Unity 2021.3.19f1\Editor\Unity.exe
-adb2
-batchMode
-noUpm
-name
AssetImportWorker7
-projectPath
C:/Users/Lenovo/My project (2)
-logFile
Logs/AssetImportWorker7.log
-srvPort
50155
Successfully changed project path to: C:/Users/Lenovo/My project (2)
C:/Users/Lenovo/My project (2)
[UnityMemory] Configuration Parameters - Can be set up in boot.config
    "memorysetup-bucket-allocator-granularity=16"
    "memorysetup-bucket-allocator-bucket-count=8"
    "memorysetup-bucket-allocator-block-size=33554432"
    "memorysetup-bucket-allocator-block-count=8"
    "memorysetup-main-allocator-block-size=16777216"
    "memorysetup-thread-allocator-block-size=16777216"
    "memorysetup-gfx-main-allocator-block-size=16777216"
    "memorysetup-gfx-thread-allocator-block-size=16777216"
    "memorysetup-cache-allocator-block-size=4194304"
    "memorysetup-typetree-allocator-block-size=2097152"
    "memorysetup-profiler-bucket-allocator-granularity=16"
    "memorysetup-profiler-bucket-allocator-bucket-count=8"
    "memorysetup-profiler-bucket-allocator-block-size=33554432"
    "memorysetup-profiler-bucket-allocator-block-count=8"
    "memorysetup-profiler-allocator-block-size=16777216"
    "memorysetup-profiler-editor-allocator-block-size=1048576"
    "memorysetup-temp-allocator-size-main=16777216"
    "memorysetup-job-temp-allocator-block-size=2097152"
    "memorysetup-job-temp-allocator-block-size-background=1048576"
    "memorysetup-job-temp-allocator-reduction-small-platforms=262144"
    "memorysetup-temp-allocator-size-background-worker=32768"
    "memorysetup-temp-allocator-size-job-worker=262144"
    "memorysetup-temp-allocator-size-preload-manager=33554432"
    "memorysetup-temp-allocator-size-nav-mesh-worker=65536"
    "memorysetup-temp-allocator-size-audio-worker=65536"
    "memorysetup-temp-allocator-size-cloud-worker=32768"
    "memorysetup-temp-allocator-size-gi-baking-worker=262144"
    "memorysetup-temp-allocator-size-gfx=262144"
Player connection [64516] Host "[IP] 10.5.0.2 [Port] 0 [Flags] 2 [Guid] 1604681163 [EditorId] 1604681163 [Version] 1048832 [Id] WindowsEditor(7,LAPTOP-HPM1565V) [Debug] 1 [PackageName] WindowsEditor [ProjectName] Editor" joined multi-casting on [225.0.0.222:54997]...

Player connection [64516] Host "[IP] 10.5.0.2 [Port] 0 [Flags] 2 [Guid] 1604681163 [EditorId] 1604681163 [Version] 1048832 [Id] WindowsEditor(7,LAPTOP-HPM1565V) [Debug] 1 [PackageName] WindowsEditor [ProjectName] Editor" joined alternative multi-casting on [225.0.0.222:34997]...

Refreshing native plugins compatible for Editor in 107.53 ms, found 4 plugins.
Preloading 0 native plugins for Editor in 0.00 ms.
Initialize engine version: 2021.3.19f1 (c9714fde33b6)
[Subsystems] Discovering subsystems at path C:/Program Files/Unity 2021.3.19f1/Editor/Data/Resources/UnitySubsystems
[Subsystems] Discovering subsystems at path C:/Users/Lenovo/My project (2)/Assets
GfxDevice: creating device client; threaded=0; jobified=0
Direct3D:
    Version:  Direct3D 11.0 [level 11.1]
    Renderer: NVIDIA GeForce RTX 3060 Laptop GPU (ID=0x2560)
    Vendor:   NVIDIA
    VRAM:     6009 MB
    Driver:   31.0.15.2892
Initialize mono
Mono path[0] = 'C:/Program Files/Unity 2021.3.19f1/Editor/Data/Managed'
Mono path[1] = 'C:/Program Files/Unity 2021.3.19f1/Editor/Data/MonoBleedingEdge/lib/mono/unityjit-win32'
Mono config path = 'C:/Program Files/Unity 2021.3.19f1/Editor/Data/MonoBleedingEdge/etc'
Using monoOptions --debugger-agent=transport=dt_socket,embedding=1,server=y,suspend=n,address=127.0.0.1:56592
Begin MonoManager ReloadAssembly
Registering precompiled unity dll's ...
Register platform support module: C:/Program Files/Unity 2021.3.19f1/Editor/Data/PlaybackEngines/AndroidPlayer/UnityEditor.Android.Extensions.dll
Register platform support module: C:/Program Files/Unity 2021.3.19f1/Editor/Data/PlaybackEngines/WindowsStandaloneSupport/UnityEditor.WindowsStandalone.Extensions.dll
Registered in 0.004258 seconds.
Native extension for WindowsStandalone target not found
Native extension for Android target not found
Refreshing native plugins compatible for Editor in 76.20 ms, found 4 plugins.
Preloading 0 native plugins for Editor in 0.00 ms.
Mono: successfully reloaded assembly
- Completed reload, in  0.687 seconds
Domain Reload Profiling:
	ReloadAssembly (687ms)
		BeginReloadAssembly (96ms)
			ExecutionOrderSort (0ms)
			DisableScriptedObjects (0ms)
			BackupInstance (0ms)
			ReleaseScriptingObjects (0ms)
			CreateAndSetChildDomain (1ms)
		EndReloadAssembly (478ms)
			LoadAssemblies (93ms)
			RebuildTransferFunctionScriptingTraits (0ms)
			SetupTypeCache (129ms)
			ReleaseScriptCaches (0ms)
			RebuildScriptCaches (23ms)
			SetupLoadedEditorAssemblies (275ms)
				LogAssemblyErrors (0ms)
				InitializePlatformSupportModulesInManaged (79ms)
				SetLoadedEditorAssemblies (0ms)
				RefreshPlugins (76ms)
				BeforeProcessingInitializeOnLoad (1ms)
				ProcessInitializeOnLoadAttributes (78ms)
				ProcessInitializeOnLoadMethodAttributes (40ms)
				AfterProcessingInitializeOnLoad (0ms)
				EditorAssembliesLoaded (0ms)
			ExecutionOrderSort2 (0ms)
			AwakeInstancesAfterBackupRestoration (0ms)
Platform modules already initialized, skipping
Registering precompiled user dll's ...
Registered in 0.009184 seconds.
Begin MonoManager ReloadAssembly
Symbol file LoadedFromMemory doesn't match image C:\Users\Lenovo\My project (2)\Library\PackageCache\com.unity.visualscripting@1.8.0\Editor\VisualScripting.Core\Dependencies\YamlDotNet\Unity.VisualScripting.YamlDotNet.dll
Symbol file LoadedFromMemory doesn't match image C:\Users\Lenovo\My project (2)\Library\PackageCache\com.unity.visualscripting@1.8.0\Editor\VisualScripting.Core\Dependencies\DotNetZip\Unity.VisualScripting.IonicZip.dll
Native extension for WindowsStandalone target not found
Native extension for Android target not found
Refreshing native plugins compatible for Editor in 72.67 ms, found 4 plugins.
Preloading 0 native plugins for Editor in 0.00 ms.
Mono: successfully reloaded assembly
- Completed reload, in  1.074 seconds
Domain Reload Profiling:
	ReloadAssembly (1075ms)
		BeginReloadAssembly (101ms)
			ExecutionOrderSort (0ms)
			DisableScriptedObjects (7ms)
			BackupInstance (0ms)
			ReleaseScriptingObjects (0ms)
			CreateAndSetChildDomain (18ms)
		EndReloadAssembly (877ms)
			LoadAssemblies (89ms)
			RebuildTransferFunctionScriptingTraits (0ms)
			SetupTypeCache (282ms)
			ReleaseScriptCaches (1ms)
			RebuildScriptCaches (49ms)
			SetupLoadedEditorAssemblies (392ms)
				LogAssemblyErrors (0ms)
				InitializePlatformSupportModulesInManaged (16ms)
				SetLoadedEditorAssemblies (0ms)
				RefreshPlugins (73ms)
				BeforeProcessingInitializeOnLoad (84ms)
				ProcessInitializeOnLoadAttributes (179ms)
				ProcessInitializeOnLoadMethodAttributes (30ms)
				AfterProcessingInitializeOnLoad (11ms)
				EditorAssembliesLoaded (0ms)
			ExecutionOrderSort2 (0ms)
			AwakeInstancesAfterBackupRestoration (5ms)
Platform modules already initialized, skipping
========================================================================
Worker process is ready to serve import requests
Launched and connected shader compiler UnityShaderCompiler.exe after 0.09 seconds
Refreshing native plugins compatible for Editor in 1.37 ms, found 4 plugins.
Preloading 0 native plugins for Editor in 0.00 ms.
Unloading 3735 Unused Serialized files (Serialized files now loaded: 0)
Unloading 41 unused Assets / (229.0 KB). Loaded Objects now: 4192.
Memory consumption went from 143.1 MB to 142.9 MB.
Total: 3.792900 ms (FindLiveObjects: 0.283600 ms CreateObjectMapping: 0.099900 ms MarkObjects: 3.259100 ms  DeleteObjects: 0.149400 ms)

AssetImportParameters requested are different than current active one (requested -> active):
  custom:video-decoder-ogg-theora: a1e56fd34408186e4bbccfd4996cb3dc -> 
  custom:container-muxer-webm: aa71ff27fc2769a1b78a27578f13a17b -> 
  custom:container-demuxer-webm: 4f35f7cbe854078d1ac9338744f61a02 -> 
  custom:video-encoder-webm-vp8: eb34c28f22e8b96e1ab97ce403110664 -> 
  custom:video-codec-MediaFoundation-h265: 746d11721c4dcdbdad8f713fa42b33f4 -> 
  custom:audio-encoder-webm-vorbis: bf7c407c2cedff20999df2af8eb42d56 -> 
  custom:framework-win-MediaFoundation: 216162199b28c13a410421893ffa2e32 -> 
  custom:container-demuxer-ogg: 62fdf1f143b41e24485cea50d1cbac27 -> 
  custom:video-decoder-webm-vp8: 9c59270c3fd7afecdb556c50c9e8de78 -> 
  custom:audio-decoder-ogg-vorbis: bf7c407c2cedff20999df2af8eb42d56 -> 
========================================================================
Received Import Request.
  Time since last request: 278268.764379 seconds.
  path: Assets/Sprites/free_80.asset
  artifactKey: Guid(073a8d1324fc0a647a770e8bf6c84699) Importer(815301076,1909f56bfc062723c751e8b465ee728b)
Start importing Assets/Sprites/free_80.asset using Guid(073a8d1324fc0a647a770e8bf6c84699) Importer(815301076,1909f56bfc062723c751e8b465ee728b)  -> (artifact id: '5359af364619e0b8c68efcd728a67c81') in 0.098467 seconds 
========================================================================
Received Import Request.
  Time since last request: 0.000041 seconds.
  path: Assets/Sprites/free_94.asset
  artifactKey: Guid(1fec6e593429ed942a6fe3cd6c6517d6) Importer(815301076,1909f56bfc062723c751e8b465ee728b)
Start importing Assets/Sprites/free_94.asset using Guid(1fec6e593429ed942a6fe3cd6c6517d6) Importer(815301076,1909f56bfc062723c751e8b465ee728b)  -> (artifact id: 'e5105c3c0a12a4adfb93bc50a268124e') in 0.013218 seconds 
========================================================================
Received Import Request.
  Time since last request: 0.000033 seconds.
  path: Assets/Sprites/free_81.asset
  artifactKey: Guid(eb1fd855271beb0498dce79ba36acf85) Importer(815301076,1909f56bfc062723c751e8b465ee728b)
Start importing Assets/Sprites/free_81.asset using Guid(eb1fd855271beb0498dce79ba36acf85) Importer(815301076,1909f56bfc062723c751e8b465ee728b)  -> (artifact id: '4c6b0378edd05aafa2773ba0a7f49883') in 0.025077 seconds 
========================================================================
Received Import Request.
  Time since last request: 0.000020 seconds.
  path: Assets/Sprites/free_93.asset
  artifactKey: Guid(b236773315a87d346be2137eabbefc69) Importer(815301076,1909f56bfc062723c751e8b465ee728b)
Start importing Assets/Sprites/free_93.asset using Guid(b236773315a87d346be2137eabbefc69) Importer(815301076,1909f56bfc062723c751e8b465ee728b)  -> (artifact id: '59bfa8f32d9465d87de04c9b7fe98aed') in 0.031245 seconds 
========================================================================
Received Import Request.
  Time since last request: 0.000025 seconds.
  path: Assets/Sprites/free_91.asset
  artifactKey: Guid(fe4ffa9e841b9f1479d9e94895be0736) Importer(815301076,1909f56bfc062723c751e8b465ee728b)
Start importing Assets/Sprites/free_91.asset using Guid(fe4ffa9e841b9f1479d9e94895be0736) Importer(815301076,1909f56bfc062723c751e8b465ee728b)  -> (artifact id: 'ff45afc2fb9bf5508c2e6e646b9a23c8') in 0.015790 seconds 
========================================================================
Received Import Request.
  Time since last request: 0.000031 seconds.
  path: Assets/Sprites/free_85.asset
  artifactKey: Guid(05374aa1428525d46ae0ca8eb3da69d5) Importer(815301076,1909f56bfc062723c751e8b465ee728b)
Start importing Assets/Sprites/free_85.asset using Guid(05374aa1428525d46ae0ca8eb3da69d5) Importer(815301076,1909f56bfc062723c751e8b465ee728b)  -> (artifact id: 'ddc8c6720dc1f3009b31ac5b90c77078') in 0.029949 seconds 
========================================================================
Received Import Request.
  Time since last request: 0.000023 seconds.
  path: Assets/Sprites/free_89.asset
  artifactKey: Guid(c34d84726eae9584187b07269ee75b44) Importer(815301076,1909f56bfc062723c751e8b465ee728b)
Start importing Assets/Sprites/free_89.asset using Guid(c34d84726eae9584187b07269ee75b44) Importer(815301076,1909f56bfc062723c751e8b465ee728b)  -> (artifact id: '2fd92a95ae5b4fc79860a6bbda405ba0') in 0.020478 seconds 
========================================================================
Received Import Request.
  Time since last request: 0.000021 seconds.
  path: Assets/Sprites/free_82.asset
  artifactKey: Guid(6c319a031760f884a84f0c752ba48d6b) Importer(815301076,1909f56bfc062723c751e8b465ee728b)
Start importing Assets/Sprites/free_82.asset using Guid(6c319a031760f884a84f0c752ba48d6b) Importer(815301076,1909f56bfc062723c751e8b465ee728b)  -> (artifact id: '4ed4dd792fd7ee1a0053e14eef466dd9') in 0.016722 seconds 
========================================================================
Received Import Request.
  Time since last request: 0.000020 seconds.
  path: Assets/Sprites/free_98.asset
  artifactKey: Guid(1761f73543f75d6458914969595b576d) Importer(815301076,1909f56bfc062723c751e8b465ee728b)
Start importing Assets/Sprites/free_98.asset using Guid(1761f73543f75d6458914969595b576d) Importer(815301076,1909f56bfc062723c751e8b465ee728b)  -> (artifact id: '1a7cdf457a478e22342d20d60db3392e') in 0.010638 seconds 
========================================================================
Received Import Request.
  Time since last request: 0.000020 seconds.
  path: Assets/Sprites/free_104.asset
  artifactKey: Guid(e7f06741f2c58244e8860b4de27d3982) Importer(815301076,1909f56bfc062723c751e8b465ee728b)
Start importing Assets/Sprites/free_104.asset using Guid(e7f06741f2c58244e8860b4de27d3982) Importer(815301076,1909f56bfc062723c751e8b465ee728b)  -> (artifact id: 'bb81c04384eda2a74634a5f309ddad1c') in 0.016817 seconds 
========================================================================
Received Import Request.
  Time since last request: 0.000026 seconds.
  path: Assets/Sprites/free_99.asset
  artifactKey: Guid(b03bc2a4ceffb7e4fa86731964baa9b5) Importer(815301076,1909f56bfc062723c751e8b465ee728b)
Start importing Assets/Sprites/free_99.asset using Guid(b03bc2a4ceffb7e4fa86731964baa9b5) Importer(815301076,1909f56bfc062723c751e8b465ee728b)  -> (artifact id: 'f2582a2da0e605c5a885ad0f5d2ee894') in 0.019325 seconds 
========================================================================
Received Import Request.
  Time since last request: 0.000020 seconds.
  path: Assets/Sprites/free_102.asset
  artifactKey: Guid(515ae670c3bdfce4a852ab55d9c29750) Importer(815301076,1909f56bfc062723c751e8b465ee728b)
Start importing Assets/Sprites/free_102.asset using Guid(515ae670c3bdfce4a852ab55d9c29750) Importer(815301076,1909f56bfc062723c751e8b465ee728b)  -> (artifact id: '90ad12001926a510962124016d704bfe') in 0.011944 seconds 
========================================================================
Received Import Request.
  Time since last request: 0.000023 seconds.
  path: Assets/Sprites/free_101.asset
  artifactKey: Guid(20314842d81ef454cb4026866d6dbf4f) Importer(815301076,1909f56bfc062723c751e8b465ee728b)
Start importing Assets/Sprites/free_101.asset using Guid(20314842d81ef454cb4026866d6dbf4f) Importer(815301076,1909f56bfc062723c751e8b465ee728b)  -> (artifact id: '4819b2ff9b616c92f58b3eeccb24cfe3') in 0.009936 seconds 
========================================================================
Received Import Request.
  Time since last request: 0.000019 seconds.
  path: Assets/Sprites/free_106.asset
  artifactKey: Guid(1da67dbee1047344dbb289b2cfba5542) Importer(815301076,1909f56bfc062723c751e8b465ee728b)
Start importing Assets/Sprites/free_106.asset using Guid(1da67dbee1047344dbb289b2cfba5542) Importer(815301076,1909f56bfc062723c751e8b465ee728b)  -> (artifact id: '1c2caf4d8f74bed9ed74b4d52ab19c90') in 0.011029 seconds 
Editor requested this worker to shutdown with reason: Scaling down because of idle timeout
AssetImportWorker is now disconnected from the server
Process exiting
Exiting without the bug reporter. Application will terminate with return code 0